<?xml version="1.0" encoding="UTF-8"?>
<!-- Generated by org.testng.reporters.JUnitXMLReporter -->
<testsuite ignored="4" hostname="LAPTOP-6RBODQ3G" failures="0" tests="1" name="smokeTests" time="18.811" errors="0" timestamp="2022-12-04T04:46:17 EST">
  <testcase classname="tests.SignUpTests" name="signUpPageTest" time="18.746"/>
  <testcase classname="tests.SignUpTests" name="test2" time="0.0">
    <ignored/>
  </testcase> <!-- test2 -->
  <testcase classname="tests.SignUpTests" name="test4" time="0.0">
    <ignored/>
  </testcase> <!-- test4 -->
  <testcase classname="tests.SignUpTests" name="test3" time="0.0">
    <ignored/>
  </testcase> <!-- test3 -->
  <testcase classname="tests.SignUpTests" name="test5" time="0.0">
    <ignored/>
  </testcase> <!-- test5 -->
</testsuite> <!-- smokeTests -->
