<?xml version="1.0" encoding="UTF-8"?>
<!-- Generated by org.testng.reporters.JUnitXMLReporter -->
<testsuite ignored="0" hostname="LAPTOP-6RBODQ3G" failures="0" tests="9" name="Default test" time="5.573" errors="0" timestamp="2023-01-01T17:28:06 EST">
  <testcase classname="petStoreApiTests.PetStoreApiTests" name="chainValidation" time="2.643"/>
  <testcase classname="petStoreApiTests.PetStoreApiTests" name="createCatWithJsonFile" time="0.289"/>
  <testcase classname="petStoreApiTests.PetStoreApiTests" name="invalidIdUpdateCat" time="0.3"/>
  <testcase classname="petStoreApiTests.PetStoreApiTests" name="postACat" time="0.266"/>
  <testcase classname="petStoreApiTests.PetStoreApiTests" name="postAPet" time="0.231"/>
  <testcase classname="petStoreApiTests.PetStoreApiTests" name="findPetByStatus" time="0.218"/>
  <testcase classname="petStoreApiTests.PetStoreApiTests" name="getPetById" time="0.201"/>
  <testcase classname="petStoreApiTests.PetStoreApiTests" name="updateCat" time="0.23"/>
  <testcase classname="petStoreApiTests.PetStoreApiTests" name="getById" time="0.291"/>
</testsuite> <!-- Default test -->
