<?xml version="1.0" encoding="UTF-8"?>
<!-- Generated by org.testng.reporters.JUnitXMLReporter -->
<testsuite ignored="0" hostname="LAPTOP-6RBODQ3G" failures="0" tests="9" name="Default test" time="5.824" errors="0" timestamp="2022-12-18T20:30:28 EST">
  <testcase classname="petStoreApiTests.PetStoreApiTests" name="chainValidation" time="2.666"/>
  <testcase classname="petStoreApiTests.PetStoreApiTests" name="createCatWithJsonFile" time="0.292"/>
  <testcase classname="petStoreApiTests.PetStoreApiTests" name="invalidIdUpdateCat" time="0.292"/>
  <testcase classname="petStoreApiTests.PetStoreApiTests" name="postACat" time="0.345"/>
  <testcase classname="petStoreApiTests.PetStoreApiTests" name="postAPet" time="0.239"/>
  <testcase classname="petStoreApiTests.PetStoreApiTests" name="findPetByStatus" time="0.308"/>
  <testcase classname="petStoreApiTests.PetStoreApiTests" name="getPetById" time="0.201"/>
  <testcase classname="petStoreApiTests.PetStoreApiTests" name="updateCat" time="0.254"/>
  <testcase classname="petStoreApiTests.PetStoreApiTests" name="getById" time="0.308"/>
</testsuite> <!-- Default test -->
