<?xml version="1.0" encoding="UTF-8"?>
<testng-results ignored="0" total="9" passed="9" failed="0" skipped="0">
  <reporter-output>
  </reporter-output>
  <suite started-at="2023-01-01T17:28:00 EST" name="Default suite" finished-at="2023-01-01T17:28:06 EST" duration-ms="5573">
    <groups>
    </groups>
    <test started-at="2023-01-01T17:28:00 EST" name="Default test" finished-at="2023-01-01T17:28:06 EST" duration-ms="5573">
      <class name="petStoreApiTests.PetStoreApiTests">
        <test-method is-config="true" signature="setup()[pri:0, instance:petStoreApiTests.PetStoreApiTests@1afd44cb]" started-at="2023-01-01T17:28:00 EST" name="setup" finished-at="2023-01-01T17:28:00 EST" duration-ms="388" status="PASS">
          <reporter-output>
          </reporter-output>
        </test-method> <!-- setup -->
        <test-method signature="chainValidation()[pri:0, instance:petStoreApiTests.PetStoreApiTests@1afd44cb]" started-at="2023-01-01T17:28:00 EST" name="chainValidation" finished-at="2023-01-01T17:28:03 EST" duration-ms="2643" status="PASS">
          <reporter-output>
          </reporter-output>
        </test-method> <!-- chainValidation -->
        <test-method signature="createCatWithJsonFile()[pri:0, instance:petStoreApiTests.PetStoreApiTests@1afd44cb]" started-at="2023-01-01T17:28:03 EST" name="createCatWithJsonFile" finished-at="2023-01-01T17:28:03 EST" duration-ms="289" status="PASS">
          <reporter-output>
          </reporter-output>
        </test-method> <!-- createCatWithJsonFile -->
        <test-method signature="invalidIdUpdateCat()[pri:0, instance:petStoreApiTests.PetStoreApiTests@1afd44cb]" started-at="2023-01-01T17:28:03 EST" name="invalidIdUpdateCat" finished-at="2023-01-01T17:28:04 EST" duration-ms="300" status="PASS">
          <reporter-output>
          </reporter-output>
        </test-method> <!-- invalidIdUpdateCat -->
        <test-method signature="postACat()[pri:0, instance:petStoreApiTests.PetStoreApiTests@1afd44cb]" started-at="2023-01-01T17:28:04 EST" name="postACat" finished-at="2023-01-01T17:28:04 EST" duration-ms="266" status="PASS">
          <reporter-output>
          </reporter-output>
        </test-method> <!-- postACat -->
        <test-method signature="postAPet()[pri:0, instance:petStoreApiTests.PetStoreApiTests@1afd44cb]" started-at="2023-01-01T17:28:04 EST" name="postAPet" finished-at="2023-01-01T17:28:04 EST" duration-ms="231" status="PASS">
          <reporter-output>
          </reporter-output>
        </test-method> <!-- postAPet -->
        <test-method signature="findPetByStatus()[pri:0, instance:petStoreApiTests.PetStoreApiTests@1afd44cb]" started-at="2023-01-01T17:28:04 EST" name="findPetByStatus" finished-at="2023-01-01T17:28:04 EST" duration-ms="218" status="PASS">
          <reporter-output>
          </reporter-output>
        </test-method> <!-- findPetByStatus -->
        <test-method signature="getPetById()[pri:0, instance:petStoreApiTests.PetStoreApiTests@1afd44cb]" started-at="2023-01-01T17:28:04 EST" name="getPetById" finished-at="2023-01-01T17:28:05 EST" depends-on-methods="petStoreApiTests.PetStoreApiTests.postAPet" duration-ms="201" status="PASS">
          <reporter-output>
          </reporter-output>
        </test-method> <!-- getPetById -->
        <test-method signature="updateCat()[pri:0, instance:petStoreApiTests.PetStoreApiTests@1afd44cb]" started-at="2023-01-01T17:28:05 EST" name="updateCat" finished-at="2023-01-01T17:28:05 EST" depends-on-methods="petStoreApiTests.PetStoreApiTests.postACat" duration-ms="230" status="PASS">
          <reporter-output>
          </reporter-output>
        </test-method> <!-- updateCat -->
        <test-method signature="getById()[pri:0, instance:petStoreApiTests.PetStoreApiTests@1afd44cb]" started-at="2023-01-01T17:28:05 EST" name="getById" finished-at="2023-01-01T17:28:05 EST" depends-on-methods="petStoreApiTests.PetStoreApiTests.postACat, petStoreApiTests.PetStoreApiTests.updateCat" duration-ms="291" status="PASS">
          <reporter-output>
          </reporter-output>
        </test-method> <!-- getById -->
        <test-method is-config="true" signature="cleanup()[pri:0, instance:petStoreApiTests.PetStoreApiTests@1afd44cb]" started-at="2023-01-01T17:28:05 EST" name="cleanup" finished-at="2023-01-01T17:28:06 EST" duration-ms="467" status="PASS">
          <reporter-output>
          </reporter-output>
        </test-method> <!-- cleanup -->
      </class> <!-- petStoreApiTests.PetStoreApiTests -->
    </test> <!-- Default test -->
  </suite> <!-- Default suite -->
</testng-results>
